<?xml version="1.0" encoding="UTF-8"?>
<testng-results skipped="0" failed="0" total="1" passed="1">
  <reporter-output>
  </reporter-output>
  <suite name="YourLogoApplication-TestSuite" duration-ms="155104" started-at="2021-05-16T21:26:31Z" finished-at="2021-05-16T21:29:06Z">
    <groups>
      <group name="cucumber">
        <method signature="TestRunner.feature(cucumber.api.testng.CucumberFeatureWrapper)[pri:0, instance:Runner.TestRunner@212bf671]" name="feature" class="Runner.TestRunner"/>
      </group> <!-- cucumber -->
    </groups>
    <test name="YourLogoApplication-Test" duration-ms="155104" started-at="2021-05-16T21:26:31Z" finished-at="2021-05-16T21:29:06Z">
      <class name="Runner.TestRunner">
        <test-method status="PASS" signature="setUpClass()[pri:0, instance:Runner.TestRunner@212bf671]" name="setUpClass" is-config="true" duration-ms="624" started-at="2021-05-17T02:56:31Z" finished-at="2021-05-17T02:56:32Z">
          <reporter-output>
          </reporter-output>
        </test-method> <!-- setUpClass -->
        <test-method status="PASS" signature="feature(cucumber.api.testng.CucumberFeatureWrapper)[pri:0, instance:Runner.TestRunner@212bf671]" name="feature" duration-ms="153844" started-at="2021-05-17T02:56:32Z" description="Runs Cucumber Feature" data-provider="features" finished-at="2021-05-17T02:59:06Z">
          <params>
            <param index="0">
              <value>
                <![CDATA[YourLogo Registration and Login feature]]>
              </value>
            </param>
          </params>
          <reporter-output>
          </reporter-output>
        </test-method> <!-- feature -->
        <test-method status="PASS" signature="tearDownClass()[pri:0, instance:Runner.TestRunner@212bf671]" name="tearDownClass" is-config="true" duration-ms="141" started-at="2021-05-17T02:59:06Z" finished-at="2021-05-17T02:59:06Z">
          <reporter-output>
          </reporter-output>
        </test-method> <!-- tearDownClass -->
      </class> <!-- Runner.TestRunner -->
    </test> <!-- YourLogoApplication-Test -->
  </suite> <!-- YourLogoApplication-TestSuite -->
</testng-results>
