{"name":"Runs Cucumber Feature","status":"broken","statusDetails":{"known":false,"muted":false,"flaky":false,"message":"org.openqa.selenium.SessionNotCreatedException: session not created\nfrom disconnected: received Inspector.detached event\n  (Session info: chrome=90.0.4430.212)\nBuild info: version: '3.5.3', revision: 'a88d25fe6b', time: '2017-08-29T12:42:44.417Z'\nSystem info: host: 'RAJEEV-PC', ip: '192.168.1.6', os.name: 'Windows 7', os.arch: 'amd64', os.version: '6.1', java.version: '1.8.0_40'\nDriver info: driver.version: ChromeDriver\nremote stacktrace: Backtrace:\n\tOrdinal0 [0x00C3C013+2474003]\n\tOrdinal0 [0x00BD29C1+2042305]\n\tOrdinal0 [0x00AE2F68+1060712]\n\tOrdinal0 [0x00AD6214+1008148]\n\tOrdinal0 [0x00AD56E3+1005283]\n\tOrdinal0 [0x00AD4258+1000024]\n\tOrdinal0 [0x00AD3DA5+998821]\n\tOrdinal0 [0x00ADF164+1044836]\n\tOrdinal0 [0x00AD3D31+998705]\n\tOrdinal0 [0x00AD4FAF+1003439]\n\tOrdinal0 [0x00AD4258+1000024]\n\tOrdinal0 [0x00AD3DA5+998821]\n\tOrdinal0 [0x00ADCDDA+1035738]\n\tOrdinal0 [0x00AD3D31+998705]\n\tOrdinal0 [0x00AD4FAF+1003439]\n\tOrdinal0 [0x00AD4258+1000024]\n\tOrdinal0 [0x00AD3DA5+998821]\n\tOrdinal0 [0x00ADA929+1026345]\n\tOrdinal0 [0x00AD3D31+998705]\n\tOrdinal0 [0x00AD4FAF+1003439]\n\tOrdinal0 [0x00AD4258+1000024]\n\tOrdinal0 [0x00AD3DA5+998821]\n\tOrdinal0 [0x00AD9DBC+1023420]\n\tOrdinal0 [0x00AD3D31+998705]\n\tOrdinal0 [0x00AD4FAF+1003439]\n\tOrdinal0 [0x00AD4258+1000024]\n\tOrdinal0 [0x00AD3DA5+998821]\n\tOrdinal0 [0x00ACFA5D+981597]\n\tOrdinal0 [0x00AD3D31+998705]\n\tOrdinal0 [0x00AD3A85+998021]\n\tOrdinal0 [0x00AD3829+997417]\n\tOrdinal0 [0x00AE4090+1065104]\n\tOrdinal0 [0x00B2B798+1357720]\n\tOrdinal0 [0x00B28FAA+1347498]\n\tOrdinal0 [0x00B266DB+1337051]\n\tOrdinal0 [0x00B03427+1192999]\n\tOrdinal0 [0x00B042EE+1196782]\n\tOrdinal0 [0x00B04279+1196665]\n\tGetHandleVerifier [0x00DC96FC+1590332]\n\tGetHandleVerifier [0x00E78614+2306900]\n\tGetHandleVerifier [0x00CC9E93+543699]\n\tGetHandleVerifier [0x00CC92CE+540686]\n\tOrdinal0 [0x00BD86BA+2066106]\n\tOrdinal0 [0x00BDD1C8+2085320]\n\tOrdinal0 [0x00BDD308+2085640]\n\tOrdinal0 [0x00BE67F3+2123763]\n\tBaseThreadInitThunk [0x75F73677+18]\n\tRtlInitializeExceptionChain [0x77669D72+99]\n\tRtlInitializeExceptionChain [0x77669D45+54]\n","trace":"cucumber.runtime.CucumberException: org.openqa.selenium.SessionNotCreatedException: session not created\nfrom disconnected: received Inspector.detached event\n  (Session info: chrome=90.0.4430.212)\nBuild info: version: '3.5.3', revision: 'a88d25fe6b', time: '2017-08-29T12:42:44.417Z'\nSystem info: host: 'RAJEEV-PC', ip: '192.168.1.6', os.name: 'Windows 7', os.arch: 'amd64', os.version: '6.1', java.version: '1.8.0_40'\nDriver info: driver.version: ChromeDriver\nremote stacktrace: Backtrace:\n\tOrdinal0 [0x00C3C013+2474003]\n\tOrdinal0 [0x00BD29C1+2042305]\n\tOrdinal0 [0x00AE2F68+1060712]\n\tOrdinal0 [0x00AD6214+1008148]\n\tOrdinal0 [0x00AD56E3+1005283]\n\tOrdinal0 [0x00AD4258+1000024]\n\tOrdinal0 [0x00AD3DA5+998821]\n\tOrdinal0 [0x00ADF164+1044836]\n\tOrdinal0 [0x00AD3D31+998705]\n\tOrdinal0 [0x00AD4FAF+1003439]\n\tOrdinal0 [0x00AD4258+1000024]\n\tOrdinal0 [0x00AD3DA5+998821]\n\tOrdinal0 [0x00ADCDDA+1035738]\n\tOrdinal0 [0x00AD3D31+998705]\n\tOrdinal0 [0x00AD4FAF+1003439]\n\tOrdinal0 [0x00AD4258+1000024]\n\tOrdinal0 [0x00AD3DA5+998821]\n\tOrdinal0 [0x00ADA929+1026345]\n\tOrdinal0 [0x00AD3D31+998705]\n\tOrdinal0 [0x00AD4FAF+1003439]\n\tOrdinal0 [0x00AD4258+1000024]\n\tOrdinal0 [0x00AD3DA5+998821]\n\tOrdinal0 [0x00AD9DBC+1023420]\n\tOrdinal0 [0x00AD3D31+998705]\n\tOrdinal0 [0x00AD4FAF+1003439]\n\tOrdinal0 [0x00AD4258+1000024]\n\tOrdinal0 [0x00AD3DA5+998821]\n\tOrdinal0 [0x00ACFA5D+981597]\n\tOrdinal0 [0x00AD3D31+998705]\n\tOrdinal0 [0x00AD3A85+998021]\n\tOrdinal0 [0x00AD3829+997417]\n\tOrdinal0 [0x00AE4090+1065104]\n\tOrdinal0 [0x00B2B798+1357720]\n\tOrdinal0 [0x00B28FAA+1347498]\n\tOrdinal0 [0x00B266DB+1337051]\n\tOrdinal0 [0x00B03427+1192999]\n\tOrdinal0 [0x00B042EE+1196782]\n\tOrdinal0 [0x00B04279+1196665]\n\tGetHandleVerifier [0x00DC96FC+1590332]\n\tGetHandleVerifier [0x00E78614+2306900]\n\tGetHandleVerifier [0x00CC9E93+543699]\n\tGetHandleVerifier [0x00CC92CE+540686]\n\tOrdinal0 [0x00BD86BA+2066106]\n\tOrdinal0 [0x00BDD1C8+2085320]\n\tOrdinal0 [0x00BDD308+2085640]\n\tOrdinal0 [0x00BE67F3+2123763]\n\tBaseThreadInitThunk [0x75F73677+18]\n\tRtlInitializeExceptionChain [0x77669D72+99]\n\tRtlInitializeExceptionChain [0x77669D45+54]\n\r\n\tat cucumber.api.testng.TestNGCucumberRunner.runCucumber(TestNGCucumberRunner.java:69)\r\n\tat Runner.TestRunner.feature(TestRunner.java:33)\r\n\tat sun.reflect.NativeMethodAccessorImpl.invoke0(Native Method)\r\n\tat sun.reflect.NativeMethodAccessorImpl.invoke(Unknown Source)\r\n\tat sun.reflect.DelegatingMethodAccessorImpl.invoke(Unknown Source)\r\n\tat java.lang.reflect.Method.invoke(Unknown Source)\r\n\tat org.testng.internal.MethodInvocationHelper.invokeMethod(MethodInvocationHelper.java:86)\r\n\tat org.testng.internal.Invoker.invokeMethod(Invoker.java:645)\r\n\tat org.testng.internal.Invoker.invokeTestMethod(Invoker.java:822)\r\n\tat org.testng.internal.Invoker.invokeTestMethods(Invoker.java:1130)\r\n\tat org.testng.internal.TestMethodWorker.invokeTestMethods(TestMethodWorker.java:129)\r\n\tat org.testng.internal.TestMethodWorker.run(TestMethodWorker.java:112)\r\n\tat org.testng.TestRunner.privateRun(TestRunner.java:782)\r\n\tat org.testng.TestRunner.run(TestRunner.java:632)\r\n\tat org.testng.SuiteRunner.runTest(SuiteRunner.java:366)\r\n\tat org.testng.SuiteRunner.runSequentially(SuiteRunner.java:361)\r\n\tat org.testng.SuiteRunner.privateRun(SuiteRunner.java:319)\r\n\tat org.testng.SuiteRunner.run(SuiteRunner.java:268)\r\n\tat org.testng.SuiteRunnerWorker.runSuite(SuiteRunnerWorker.java:52)\r\n\tat org.testng.SuiteRunnerWorker.run(SuiteRunnerWorker.java:86)\r\n\tat org.testng.TestNG.runSuitesSequentially(TestNG.java:1244)\r\n\tat org.testng.TestNG.runSuitesLocally(TestNG.java:1169)\r\n\tat org.testng.TestNG.run(TestNG.java:1064)\r\n\tat org.testng.remote.RemoteTestNG.run(RemoteTestNG.java:113)\r\n\tat org.testng.remote.RemoteTestNG.initAndRun(RemoteTestNG.java:206)\r\n\tat org.testng.remote.RemoteTestNG.main(RemoteTestNG.java:177)\r\nCaused by: org.openqa.selenium.SessionNotCreatedException: session not created\nfrom disconnected: received Inspector.detached event\n  (Session info: chrome=90.0.4430.212)\nBuild info: version: '3.5.3', revision: 'a88d25fe6b', time: '2017-08-29T12:42:44.417Z'\nSystem info: host: 'RAJEEV-PC', ip: '192.168.1.6', os.name: 'Windows 7', os.arch: 'amd64', os.version: '6.1', java.version: '1.8.0_40'\nDriver info: driver.version: ChromeDriver\nremote stacktrace: Backtrace:\n\tOrdinal0 [0x00C3C013+2474003]\n\tOrdinal0 [0x00BD29C1+2042305]\n\tOrdinal0 [0x00AE2F68+1060712]\n\tOrdinal0 [0x00AD6214+1008148]\n\tOrdinal0 [0x00AD56E3+1005283]\n\tOrdinal0 [0x00AD4258+1000024]\n\tOrdinal0 [0x00AD3DA5+998821]\n\tOrdinal0 [0x00ADF164+1044836]\n\tOrdinal0 [0x00AD3D31+998705]\n\tOrdinal0 [0x00AD4FAF+1003439]\n\tOrdinal0 [0x00AD4258+1000024]\n\tOrdinal0 [0x00AD3DA5+998821]\n\tOrdinal0 [0x00ADCDDA+1035738]\n\tOrdinal0 [0x00AD3D31+998705]\n\tOrdinal0 [0x00AD4FAF+1003439]\n\tOrdinal0 [0x00AD4258+1000024]\n\tOrdinal0 [0x00AD3DA5+998821]\n\tOrdinal0 [0x00ADA929+1026345]\n\tOrdinal0 [0x00AD3D31+998705]\n\tOrdinal0 [0x00AD4FAF+1003439]\n\tOrdinal0 [0x00AD4258+1000024]\n\tOrdinal0 [0x00AD3DA5+998821]\n\tOrdinal0 [0x00AD9DBC+1023420]\n\tOrdinal0 [0x00AD3D31+998705]\n\tOrdinal0 [0x00AD4FAF+1003439]\n\tOrdinal0 [0x00AD4258+1000024]\n\tOrdinal0 [0x00AD3DA5+998821]\n\tOrdinal0 [0x00ACFA5D+981597]\n\tOrdinal0 [0x00AD3D31+998705]\n\tOrdinal0 [0x00AD3A85+998021]\n\tOrdinal0 [0x00AD3829+997417]\n\tOrdinal0 [0x00AE4090+1065104]\n\tOrdinal0 [0x00B2B798+1357720]\n\tOrdinal0 [0x00B28FAA+1347498]\n\tOrdinal0 [0x00B266DB+1337051]\n\tOrdinal0 [0x00B03427+1192999]\n\tOrdinal0 [0x00B042EE+1196782]\n\tOrdinal0 [0x00B04279+1196665]\n\tGetHandleVerifier [0x00DC96FC+1590332]\n\tGetHandleVerifier [0x00E78614+2306900]\n\tGetHandleVerifier [0x00CC9E93+543699]\n\tGetHandleVerifier [0x00CC92CE+540686]\n\tOrdinal0 [0x00BD86BA+2066106]\n\tOrdinal0 [0x00BDD1C8+2085320]\n\tOrdinal0 [0x00BDD308+2085640]\n\tOrdinal0 [0x00BE67F3+2123763]\n\tBaseThreadInitThunk [0x75F73677+18]\n\tRtlInitializeExceptionChain [0x77669D72+99]\n\tRtlInitializeExceptionChain [0x77669D45+54]\n\r\n\tat sun.reflect.NativeConstructorAccessorImpl.newInstance0(Native Method)\r\n\tat sun.reflect.NativeConstructorAccessorImpl.newInstance(Unknown Source)\r\n\tat sun.reflect.DelegatingConstructorAccessorImpl.newInstance(Unknown Source)\r\n\tat java.lang.reflect.Constructor.newInstance(Unknown Source)\r\n\tat org.openqa.selenium.remote.W3CHandshakeResponse.lambda$new$0(W3CHandshakeResponse.java:57)\r\n\tat org.openqa.selenium.remote.W3CHandshakeResponse$$Lambda$191/704869156.apply(Unknown Source)\r\n\tat org.openqa.selenium.remote.W3CHandshakeResponse.lambda$getResponseFunction$2(W3CHandshakeResponse.java:104)\r\n\tat org.openqa.selenium.remote.W3CHandshakeResponse$$Lambda$193/1482344533.apply(Unknown Source)\r\n\tat org.openqa.selenium.remote.ProtocolHandshake.lambda$createSession$24(ProtocolHandshake.java:359)\r\n\tat org.openqa.selenium.remote.ProtocolHandshake$$Lambda$194/1538849250.apply(Unknown Source)\r\n\tat java.util.stream.ReferencePipeline$3$1.accept(Unknown Source)\r\n\tat java.util.Spliterators$ArraySpliterator.tryAdvance(Unknown Source)\r\n\tat java.util.stream.ReferencePipeline.forEachWithCancel(Unknown Source)\r\n\tat java.util.stream.AbstractPipeline.copyIntoWithCancel(Unknown Source)\r\n\tat java.util.stream.AbstractPipeline.copyInto(Unknown Source)\r\n\tat java.util.stream.AbstractPipeline.wrapAndCopyInto(Unknown Source)\r\n\tat java.util.stream.FindOps$FindOp.evaluateSequential(Unknown Source)\r\n\tat java.util.stream.AbstractPipeline.evaluate(Unknown Source)\r\n\tat java.util.stream.ReferencePipeline.findFirst(Unknown Source)\r\n\tat org.openqa.selenium.remote.ProtocolHandshake.createSession(ProtocolHandshake.java:362)\r\n\tat org.openqa.selenium.remote.ProtocolHandshake.createSession(ProtocolHandshake.java:136)\r\n\tat org.openqa.selenium.remote.HttpCommandExecutor.execute(HttpCommandExecutor.java:142)\r\n\tat org.openqa.selenium.remote.service.DriverCommandExecutor.execute(DriverCommandExecutor.java:82)\r\n\tat org.openqa.selenium.remote.RemoteWebDriver.execute(RemoteWebDriver.java:646)\r\n\tat org.openqa.selenium.remote.RemoteWebDriver.startSession(RemoteWebDriver.java:255)\r\n\tat org.openqa.selenium.remote.RemoteWebDriver.startSession(RemoteWebDriver.java:237)\r\n\tat org.openqa.selenium.remote.RemoteWebDriver.<init>(RemoteWebDriver.java:138)\r\n\tat org.openqa.selenium.chrome.ChromeDriver.<init>(ChromeDriver.java:178)\r\n\tat org.openqa.selenium.chrome.ChromeDriver.<init>(ChromeDriver.java:167)\r\n\tat org.openqa.selenium.chrome.ChromeDriver.<init>(ChromeDriver.java:124)\r\n\tat TestBase.TestBaseClass.Initialization(TestBaseClass.java:44)\r\n\tat StepDefinitions.LoginStepDefinition.User_in_LandingPage(LoginStepDefinition.java:47)\r\n\tat âœ½.Given User is on YourLogo Landing Page(Login.feature:25)\r\n"},"stage":"finished","steps":[],"attachments":[],"parameters":[{"name":"arg0","value":"YourLogo Registration and Login feature"}],"start":1621198634112,"stop":1621198640447,"uuid":"559a41e0-5111-46f3-8396-e631d65deb66","historyId":"3c58af1aec786d7f791e83d01ecd98b6","fullName":"Runner.TestRunner.feature","labels":[{"name":"package","value":"Runner.TestRunner"},{"name":"testClass","value":"Runner.TestRunner"},{"name":"testMethod","value":"feature"},{"name":"parentSuite","value":"YourLogoApplication-TestSuite"},{"name":"suite","value":"YourLogoApplication-Test"},{"name":"subSuite","value":"Runner.TestRunner"},{"name":"host","value":"Rajeev-PC"},{"name":"thread","value":"9068@Rajeev-PC.main(1)"},{"name":"framework","value":"testng"},{"name":"language","value":"java"}],"links":[]}